<?xml version="1.0" encoding="UTF-8"?>
<testng-results ignored="1" total="2" passed="1" failed="0" skipped="0">
  <reporter-output>
  </reporter-output>
  <suite started-at="2026-02-15T06:33:00 IST" name="Default suite" finished-at="2026-02-15T06:33:22 IST" duration-ms="21965">
    <groups>
    </groups>
    <test started-at="2026-02-15T06:33:00 IST" name="Default test" finished-at="2026-02-15T06:33:22 IST" duration-ms="21965">
      <class name="tests.LoginTest">
        <test-method is-config="true" signature="setup(java.lang.String)[pri:0, instance:tests.LoginTest@4f0100a7]" started-at="2026-02-15T06:33:01 IST" name="setup" finished-at="2026-02-15T06:33:12 IST" duration-ms="11897" status="PASS">
          <params>
            <param index="0">
              <value>
                <![CDATA[chrome]]>
              </value>
            </param>
          </params>
          <reporter-output>
          </reporter-output>
        </test-method> <!-- setup -->
        <test-method signature="testValidLogin(java.lang.String,java.lang.String)[pri:1, instance:tests.LoginTest@4f0100a7]" started-at="2026-02-15T06:33:13 IST" name="testValidLogin" description="Verify login with valid credentials" data-provider="loginData" finished-at="2026-02-15T06:33:21 IST" duration-ms="8700" status="PASS">
          <params>
            <param index="0">
              <value>
                <![CDATA[will]]>
              </value>
            </param>
            <param index="1">
              <value>
                <![CDATA[will]]>
              </value>
            </param>
          </params>
          <reporter-output>
          </reporter-output>
        </test-method> <!-- testValidLogin -->
        <test-method is-config="true" signature="tearDown()[pri:0, instance:tests.LoginTest@4f0100a7]" started-at="2026-02-15T06:33:21 IST" name="tearDown" finished-at="2026-02-15T06:33:22 IST" duration-ms="297" status="PASS">
          <reporter-output>
          </reporter-output>
        </test-method> <!-- tearDown -->
      </class> <!-- tests.LoginTest -->
    </test> <!-- Default test -->
  </suite> <!-- Default suite -->
</testng-results>
